# JRE version: OpenJDK Runtime Environment (11.0.13) (build 11.0.13+0-b1751.21-8125866)
# Java VM: OpenJDK 64-Bit Server VM (11.0.13+0-b1751.21-8125866, mixed mode, tiered, compressed oops, g1 gc, windows-amd64)
Heap:
 garbage-first heap   total 377856K, used 242971K [0x0000000080000000, 0x0000000100000000)
  region size 1024K, 3 young (3072K), 3 survivors (3072K)
 Metaspace       used 132703K, capacity 136466K, committed 139136K, reserved 1169408K
  class space    used 16891K, capacity 18264K, committed 19328K, reserved 1048576K
GC Heap History (20 events):
Event: 73.553 GC heap after
{Heap after GC invocations=60 (full 0):
 garbage-first heap   total 305152K, used 193502K [0x0000000080000000, 0x0000000100000000)
  region size 1024K, 10 young (10240K), 10 survivors (10240K)
 Metaspace       used 126919K, capacity 130679K, committed 130944K, reserved 1163264K
  class space    used 16089K, capacity 17472K, committed 17536K, reserved 1048576K
}
Event: 73.626 GC heap before
{Heap before GC invocations=60 (full 0):
 garbage-first heap   total 305152K, used 251870K [0x0000000080000000, 0x0000000100000000)
  region size 1024K, 67 young (68608K), 10 survivors (10240K)
 Metaspace       used 128445K, capacity 132357K, committed 132608K, reserved 1163264K
  class space    used 16331K, capacity 17817K, committed 17920K, reserved 1048576K
}
Event: 73.646 GC heap after
{Heap after GC invocations=61 (full 0):
 garbage-first heap   total 305152K, used 203575K [0x0000000080000000, 0x0000000100000000)
  region size 1024K, 9 young (9216K), 9 survivors (9216K)
 Metaspace       used 128445K, capacity 132357K, committed 132608K, reserved 1163264K
  class space    used 16331K, capacity 17817K, committed 17920K, reserved 1048576K
}
Event: 73.702 GC heap before
{Heap before GC invocations=61 (full 0):
 garbage-first heap   total 305152K, used 252727K [0x0000000080000000, 0x0000000100000000)
  region size 1024K, 57 young (58368K), 9 survivors (9216K)
 Metaspace       used 129250K, capacity 133458K, committed 133632K, reserved 1165312K
  class space    used 16532K, capacity 18165K, committed 18176K, reserved 1048576K
}
Event: 73.714 GC heap after
{Heap after GC invocations=62 (full 0):
 garbage-first heap   total 305152K, used 213780K [0x0000000080000000, 0x0000000100000000)
  region size 1024K, 8 young (8192K), 8 survivors (8192K)
 Metaspace       used 129250K, capacity 133458K, committed 133632K, reserved 1165312K
  class space    used 16532K, capacity 18165K, committed 18176K, reserved 1048576K
}
Event: 73.752 GC heap before
{Heap before GC invocations=62 (full 0):
 garbage-first heap   total 305152K, used 255764K [0x0000000080000000, 0x0000000100000000)
  region size 1024K, 49 young (50176K), 8 survivors (8192K)
 Metaspace       used 129842K, capacity 134097K, committed 134272K, reserved 1165312K
  class space    used 16630K, capacity 18269K, committed 18304K, reserved 1048576K
}
Event: 73.762 GC heap after
{Heap after GC invocations=63 (full 0):
 garbage-first heap   total 305152K, used 221979K [0x0000000080000000, 0x0000000100000000)
  region size 1024K, 7 young (7168K), 7 survivors (7168K)
 Metaspace       used 129842K, capacity 134097K, committed 134272K, reserved 1165312K
  class space    used 16630K, capacity 18269K, committed 18304K, reserved 1048576K
}
Event: 73.876 GC heap before
{Heap before GC invocations=63 (full 0):
 garbage-first heap   total 305152K, used 258843K [0x0000000080000000, 0x0000000100000000)
  region size 1024K, 43 young (44032K), 7 survivors (7168K)
 Metaspace       used 129980K, capacity 134105K, committed 134656K, reserved 1165312K
  class space    used 16616K, capacity 18217K, committed 18432K, reserved 1048576K
}
Event: 73.886 GC heap after
{Heap after GC invocations=64 (full 0):
 garbage-first heap   total 305152K, used 228695K [0x0000000080000000, 0x0000000100000000)
  region size 1024K, 6 young (6144K), 6 survivors (6144K)
 Metaspace       used 129980K, capacity 134105K, committed 134656K, reserved 1165312K
  class space    used 16616K, capacity 18217K, committed 18432K, reserved 1048576K
}
Event: 73.939 GC heap before
{Heap before GC invocations=65 (full 0):
 garbage-first heap   total 305152K, used 260439K [0x0000000080000000, 0x0000000100000000)
  region size 1024K, 37 young (37888K), 6 survivors (6144K)
 Metaspace       used 130733K, capacity 135028K, committed 135296K, reserved 1165312K
  class space    used 16789K, capacity 18443K, committed 18560K, reserved 1048576K
}
Event: 73.948 GC heap after
{Heap after GC invocations=66 (full 0):
 garbage-first heap   total 305152K, used 234795K [0x0000000080000000, 0x0000000100000000)
  region size 1024K, 5 young (5120K), 5 survivors (5120K)
 Metaspace       used 130733K, capacity 135028K, committed 135296K, reserved 1165312K
  class space    used 16789K, capacity 18443K, committed 18560K, reserved 1048576K
}
Event: 73.964 GC heap before
{Heap before GC invocations=66 (full 0):
 garbage-first heap   total 305152K, used 244011K [0x0000000080000000, 0x0000000100000000)
  region size 1024K, 15 young (15360K), 5 survivors (5120K)
 Metaspace       used 131132K, capacity 135488K, committed 135552K, reserved 1167360K
  class space    used 16858K, capacity 18532K, committed 18560K, reserved 1048576K
}
Event: 73.972 GC heap after
{Heap after GC invocations=67 (full 0):
 garbage-first heap   total 305152K, used 232344K [0x0000000080000000, 0x0000000100000000)
  region size 1024K, 2 young (2048K), 2 survivors (2048K)
 Metaspace       used 131132K, capacity 135488K, committed 135552K, reserved 1167360K
  class space    used 16858K, capacity 18532K, committed 18560K, reserved 1048576K
}
Event: 74.027 GC heap before
{Heap before GC invocations=67 (full 0):
 garbage-first heap   total 305152K, used 259992K [0x0000000080000000, 0x0000000100000000)
  region size 1024K, 30 young (30720K), 2 survivors (2048K)
 Metaspace       used 132643K, capacity 137181K, committed 137216K, reserved 1167360K
  class space    used 17168K, capacity 18916K, committed 18944K, reserved 1048576K
}
Event: 74.034 GC heap after
{Heap after GC invocations=68 (full 0):
 garbage-first heap   total 305152K, used 236078K [0x0000000080000000, 0x0000000100000000)
  region size 1024K, 4 young (4096K), 4 survivors (4096K)
 Metaspace       used 132643K, capacity 137181K, committed 137216K, reserved 1167360K
  class space    used 17168K, capacity 18916K, committed 18944K, reserved 1048576K
}
Event: 74.094 GC heap before
{Heap before GC invocations=68 (full 0):
 garbage-first heap   total 305152K, used 262702K [0x0000000080000000, 0x0000000100000000)
  region size 1024K, 30 young (30720K), 4 survivors (4096K)
 Metaspace       used 133391K, capacity 138003K, committed 138240K, reserved 1169408K
  class space    used 17306K, capacity 19088K, committed 19200K, reserved 1048576K
}
Event: 74.099 GC heap after
{Heap after GC invocations=69 (full 0):
 garbage-first heap   total 305152K, used 238930K [0x0000000080000000, 0x0000000100000000)
  region size 1024K, 3 young (3072K), 3 survivors (3072K)
 Metaspace       used 133391K, capacity 138003K, committed 138240K, reserved 1169408K
  class space    used 17306K, capacity 19088K, committed 19200K, reserved 1048576K
}
Event: 74.148 GC heap before
{Heap before GC invocations=69 (full 0):
 garbage-first heap   total 305152K, used 264530K [0x0000000080000000, 0x0000000100000000)
  region size 1024K, 28 young (28672K), 3 survivors (3072K)
 Metaspace       used 134010K, capacity 138667K, committed 138880K, reserved 1169408K
  class space    used 17398K, capacity 19201K, committed 19328K, reserved 1048576K
}
Event: 74.152 GC heap after
{Heap after GC invocations=70 (full 0):
 garbage-first heap   total 305152K, used 240871K [0x0000000080000000, 0x0000000100000000)
  region size 1024K, 3 young (3072K), 3 survivors (3072K)
 Metaspace       used 134010K, capacity 138667K, committed 138880K, reserved 1169408K
  class space    used 17398K, capacity 19201K, committed 19328K, reserved 1048576K
}
Event: 74.212 GC heap before
{Heap before GC invocations=70 (full 0):
 garbage-first heap   total 305152K, used 265447K [0x0000000080000000, 0x0000000100000000)
  region size 1024K, 27 young (27648K), 3 survivors (3072K)
 Metaspace       used 132703K, capacity 136466K, committed 139136K, reserved 1169408K
  class space    used 16891K, capacity 18264K, committed 19328K, reserved 1048576K
}

