# JRE version: OpenJDK Runtime Environment (11.0.13) (build 11.0.13+0-b1751.21-8125866)
# Java VM: OpenJDK 64-Bit Server VM (11.0.13+0-b1751.21-8125866, mixed mode, tiered, compressed oops, g1 gc, windows-amd64)
Heap:
 garbage-first heap   total 512000K, used 238363K [0x0000000080000000, 0x0000000100000000)
  region size 1024K, 6 young (6144K), 6 survivors (6144K)
 Metaspace       used 192085K, capacity 196170K, committed 198352K, reserved 1222656K
  class space    used 23798K, capacity 25317K, committed 25856K, reserved 1048576K
GC Heap History (20 events):
Event: 3274.040 GC heap after
{Heap after GC invocations=98 (full 0):
 garbage-first heap   total 305152K, used 220822K [0x0000000080000000, 0x0000000100000000)
  region size 1024K, 2 young (2048K), 2 survivors (2048K)
 Metaspace       used 186272K, capacity 190303K, committed 192592K, reserved 1216512K
  class space    used 23311K, capacity 24805K, committed 25472K, reserved 1048576K
}
Event: 3274.060 GC heap before
{Heap before GC invocations=98 (full 0):
 garbage-first heap   total 305152K, used 232086K [0x0000000080000000, 0x0000000100000000)
  region size 1024K, 14 young (14336K), 2 survivors (2048K)
 Metaspace       used 186516K, capacity 190530K, committed 192848K, reserved 1216512K
  class space    used 23333K, capacity 24838K, committed 25472K, reserved 1048576K
}
Event: 3274.085 GC heap after
{Heap after GC invocations=99 (full 0):
 garbage-first heap   total 305152K, used 216356K [0x0000000080000000, 0x0000000100000000)
  region size 1024K, 2 young (2048K), 2 survivors (2048K)
 Metaspace       used 186516K, capacity 190530K, committed 192848K, reserved 1216512K
  class space    used 23333K, capacity 24838K, committed 25472K, reserved 1048576K
}
Event: 3274.221 GC heap before
{Heap before GC invocations=99 (full 0):
 garbage-first heap   total 305152K, used 246052K [0x0000000080000000, 0x0000000100000000)
  region size 1024K, 32 young (32768K), 2 survivors (2048K)
 Metaspace       used 189011K, capacity 193116K, committed 195280K, reserved 1218560K
  class space    used 23540K, capacity 25030K, committed 25600K, reserved 1048576K
}
Event: 3274.228 GC heap after
{Heap after GC invocations=100 (full 0):
 garbage-first heap   total 305152K, used 221518K [0x0000000080000000, 0x0000000100000000)
  region size 1024K, 4 young (4096K), 4 survivors (4096K)
 Metaspace       used 189011K, capacity 193116K, committed 195280K, reserved 1218560K
  class space    used 23540K, capacity 25030K, committed 25600K, reserved 1048576K
}
Event: 3274.296 GC heap before
{Heap before GC invocations=100 (full 0):
 garbage-first heap   total 305152K, used 250190K [0x0000000080000000, 0x0000000100000000)
  region size 1024K, 33 young (33792K), 4 survivors (4096K)
 Metaspace       used 189213K, capacity 193308K, committed 195536K, reserved 1218560K
  class space    used 23548K, capacity 25030K, committed 25600K, reserved 1048576K
}
Event: 3274.301 GC heap after
{Heap after GC invocations=101 (full 0):
 garbage-first heap   total 305152K, used 222315K [0x0000000080000000, 0x0000000100000000)
  region size 1024K, 3 young (3072K), 3 survivors (3072K)
 Metaspace       used 189213K, capacity 193308K, committed 195536K, reserved 1218560K
  class space    used 23548K, capacity 25030K, committed 25600K, reserved 1048576K
}
Event: 3274.402 GC heap before
{Heap before GC invocations=101 (full 0):
 garbage-first heap   total 305152K, used 253035K [0x0000000080000000, 0x0000000100000000)
  region size 1024K, 33 young (33792K), 3 survivors (3072K)
 Metaspace       used 189727K, capacity 193788K, committed 196048K, reserved 1220608K
  class space    used 23580K, capacity 25062K, committed 25600K, reserved 1048576K
}
Event: 3274.405 GC heap after
{Heap after GC invocations=102 (full 0):
 garbage-first heap   total 305152K, used 223099K [0x0000000080000000, 0x0000000100000000)
  region size 1024K, 4 young (4096K), 4 survivors (4096K)
 Metaspace       used 189727K, capacity 193788K, committed 196048K, reserved 1220608K
  class space    used 23580K, capacity 25062K, committed 25600K, reserved 1048576K
}
Event: 3274.468 GC heap before
{Heap before GC invocations=102 (full 0):
 garbage-first heap   total 305152K, used 255867K [0x0000000080000000, 0x0000000100000000)
  region size 1024K, 35 young (35840K), 4 survivors (4096K)
 Metaspace       used 189914K, capacity 193917K, committed 196048K, reserved 1220608K
  class space    used 23591K, capacity 25062K, committed 25600K, reserved 1048576K
}
Event: 3274.472 GC heap after
{Heap after GC invocations=103 (full 0):
 garbage-first heap   total 305152K, used 228114K [0x0000000080000000, 0x0000000100000000)
  region size 1024K, 5 young (5120K), 5 survivors (5120K)
 Metaspace       used 189914K, capacity 193917K, committed 196048K, reserved 1220608K
  class space    used 23591K, capacity 25062K, committed 25600K, reserved 1048576K
}
Event: 3274.512 GC heap before
{Heap before GC invocations=103 (full 0):
 garbage-first heap   total 305152K, used 258834K [0x0000000080000000, 0x0000000100000000)
  region size 1024K, 36 young (36864K), 5 survivors (5120K)
 Metaspace       used 190309K, capacity 194333K, committed 196688K, reserved 1220608K
  class space    used 23618K, capacity 25094K, committed 25728K, reserved 1048576K
}
Event: 3274.523 GC heap after
{Heap after GC invocations=104 (full 0):
 garbage-first heap   total 366592K, used 232348K [0x0000000080000000, 0x0000000100000000)
  region size 1024K, 5 young (5120K), 5 survivors (5120K)
 Metaspace       used 190309K, capacity 194333K, committed 196688K, reserved 1220608K
  class space    used 23618K, capacity 25094K, committed 25728K, reserved 1048576K
}
Event: 3274.634 GC heap before
{Heap before GC invocations=104 (full 0):
 garbage-first heap   total 366592K, used 285596K [0x0000000080000000, 0x0000000100000000)
  region size 1024K, 58 young (59392K), 5 survivors (5120K)
 Metaspace       used 190392K, capacity 194397K, committed 196688K, reserved 1220608K
  class space    used 23618K, capacity 25094K, committed 25728K, reserved 1048576K
}
Event: 3274.639 GC heap after
{Heap after GC invocations=105 (full 0):
 garbage-first heap   total 366592K, used 235216K [0x0000000080000000, 0x0000000100000000)
  region size 1024K, 4 young (4096K), 4 survivors (4096K)
 Metaspace       used 190392K, capacity 194397K, committed 196688K, reserved 1220608K
  class space    used 23618K, capacity 25094K, committed 25728K, reserved 1048576K
}
Event: 3274.763 GC heap before
{Heap before GC invocations=105 (full 0):
 garbage-first heap   total 366592K, used 290512K [0x0000000080000000, 0x0000000100000000)
  region size 1024K, 59 young (60416K), 4 survivors (4096K)
 Metaspace       used 190392K, capacity 194397K, committed 196688K, reserved 1220608K
  class space    used 23618K, capacity 25094K, committed 25728K, reserved 1048576K
}
Event: 3274.769 GC heap after
{Heap after GC invocations=106 (full 0):
 garbage-first heap   total 366592K, used 236072K [0x0000000080000000, 0x0000000100000000)
  region size 1024K, 5 young (5120K), 5 survivors (5120K)
 Metaspace       used 190392K, capacity 194397K, committed 196688K, reserved 1220608K
  class space    used 23618K, capacity 25094K, committed 25728K, reserved 1048576K
}
Event: 3275.260 GC heap before
{Heap before GC invocations=106 (full 0):
 garbage-first heap   total 366592K, used 296488K [0x0000000080000000, 0x0000000100000000)
  region size 1024K, 63 young (64512K), 5 survivors (5120K)
 Metaspace       used 191744K, capacity 195846K, committed 198096K, reserved 1222656K
  class space    used 23762K, capacity 25300K, committed 25856K, reserved 1048576K
}
Event: 3275.265 GC heap after
{Heap after GC invocations=107 (full 0):
 garbage-first heap   total 366592K, used 236731K [0x0000000080000000, 0x0000000100000000)
  region size 1024K, 4 young (4096K), 4 survivors (4096K)
 Metaspace       used 191744K, capacity 195846K, committed 198096K, reserved 1222656K
  class space    used 23762K, capacity 25300K, committed 25856K, reserved 1048576K
}
Event: 3275.579 GC heap before
{Heap before GC invocations=107 (full 0):
 garbage-first heap   total 366592K, used 298171K [0x0000000080000000, 0x0000000100000000)
  region size 1024K, 65 young (66560K), 4 survivors (4096K)
 Metaspace       used 192085K, capacity 196170K, committed 198352K, reserved 1222656K
  class space    used 23798K, capacity 25317K, committed 25856K, reserved 1048576K
}

