# JRE version: OpenJDK Runtime Environment (11.0.13) (build 11.0.13+0-b1751.21-8125866)
# Java VM: OpenJDK 64-Bit Server VM (11.0.13+0-b1751.21-8125866, mixed mode, tiered, compressed oops, g1 gc, windows-amd64)
Heap:
 garbage-first heap   total 459776K, used 181681K [0x0000000080000000, 0x0000000100000000)
  region size 1024K, 7 young (7168K), 7 survivors (7168K)
 Metaspace       used 108462K, capacity 111695K, committed 113832K, reserved 1146880K
  class space    used 14227K, capacity 15514K, committed 16460K, reserved 1048576K
GC Heap History (20 events):
Event: 8.306 GC heap after
{Heap after GC invocations=26 (full 0):
 garbage-first heap   total 210944K, used 94268K [0x0000000080000000, 0x0000000100000000)
  region size 1024K, 4 young (4096K), 4 survivors (4096K)
 Metaspace       used 93234K, capacity 95773K, committed 96040K, reserved 1132544K
  class space    used 12037K, capacity 12966K, committed 13004K, reserved 1048576K
}
Event: 8.612 GC heap before
{Heap before GC invocations=26 (full 0):
 garbage-first heap   total 210944K, used 165948K [0x0000000080000000, 0x0000000100000000)
  region size 1024K, 75 young (76800K), 4 survivors (4096K)
 Metaspace       used 96073K, capacity 98694K, committed 98856K, reserved 1134592K
  class space    used 12417K, capacity 13423K, committed 13516K, reserved 1048576K
}
Event: 8.620 GC heap after
{Heap after GC invocations=27 (full 0):
 garbage-first heap   total 210944K, used 100039K [0x0000000080000000, 0x0000000100000000)
  region size 1024K, 10 young (10240K), 10 survivors (10240K)
 Metaspace       used 96073K, capacity 98694K, committed 98856K, reserved 1134592K
  class space    used 12417K, capacity 13423K, committed 13516K, reserved 1048576K
}
Event: 8.711 GC heap before
{Heap before GC invocations=27 (full 0):
 garbage-first heap   total 210944K, used 167623K [0x0000000080000000, 0x0000000100000000)
  region size 1024K, 77 young (78848K), 10 survivors (10240K)
 Metaspace       used 97369K, capacity 100064K, committed 100392K, reserved 1136640K
  class space    used 12606K, capacity 13651K, committed 13772K, reserved 1048576K
}
Event: 8.723 GC heap after
{Heap after GC invocations=28 (full 0):
 garbage-first heap   total 253952K, used 116039K [0x0000000080000000, 0x0000000100000000)
  region size 1024K, 10 young (10240K), 10 survivors (10240K)
 Metaspace       used 97369K, capacity 100064K, committed 100392K, reserved 1136640K
  class space    used 12606K, capacity 13651K, committed 13772K, reserved 1048576K
}
Event: 8.942 GC heap before
{Heap before GC invocations=28 (full 0):
 garbage-first heap   total 253952K, used 194887K [0x0000000080000000, 0x0000000100000000)
  region size 1024K, 88 young (90112K), 10 survivors (10240K)
 Metaspace       used 101548K, capacity 104740K, committed 105000K, reserved 1140736K
  class space    used 13274K, capacity 14514K, committed 14540K, reserved 1048576K
}
Event: 8.956 GC heap after
{Heap after GC invocations=29 (full 0):
 garbage-first heap   total 253952K, used 126503K [0x0000000080000000, 0x0000000100000000)
  region size 1024K, 11 young (11264K), 11 survivors (11264K)
 Metaspace       used 101548K, capacity 104740K, committed 105000K, reserved 1140736K
  class space    used 13274K, capacity 14514K, committed 14540K, reserved 1048576K
}
Event: 9.049 GC heap before
{Heap before GC invocations=29 (full 0):
 garbage-first heap   total 253952K, used 197159K [0x0000000080000000, 0x0000000100000000)
  region size 1024K, 81 young (82944K), 11 survivors (11264K)
 Metaspace       used 103152K, capacity 106698K, committed 106920K, reserved 1140736K
  class space    used 13611K, capacity 15073K, committed 15180K, reserved 1048576K
}
Event: 9.069 GC heap after
{Heap after GC invocations=30 (full 0):
 garbage-first heap   total 253952K, used 140288K [0x0000000080000000, 0x0000000100000000)
  region size 1024K, 11 young (11264K), 11 survivors (11264K)
 Metaspace       used 103152K, capacity 106698K, committed 106920K, reserved 1140736K
  class space    used 13611K, capacity 15073K, committed 15180K, reserved 1048576K
}
Event: 9.152 GC heap before
{Heap before GC invocations=30 (full 0):
 garbage-first heap   total 253952K, used 200704K [0x0000000080000000, 0x0000000100000000)
  region size 1024K, 71 young (72704K), 11 survivors (11264K)
 Metaspace       used 103970K, capacity 107721K, committed 107944K, reserved 1142784K
  class space    used 13770K, capacity 15324K, committed 15436K, reserved 1048576K
}
Event: 9.167 GC heap after
{Heap after GC invocations=31 (full 0):
 garbage-first heap   total 253952K, used 152253K [0x0000000080000000, 0x0000000100000000)
  region size 1024K, 9 young (9216K), 9 survivors (9216K)
 Metaspace       used 103970K, capacity 107721K, committed 107944K, reserved 1142784K
  class space    used 13770K, capacity 15324K, committed 15436K, reserved 1048576K
}
Event: 9.227 GC heap before
{Heap before GC invocations=31 (full 0):
 garbage-first heap   total 253952K, used 203453K [0x0000000080000000, 0x0000000100000000)
  region size 1024K, 60 young (61440K), 9 survivors (9216K)
 Metaspace       used 103617K, capacity 106948K, committed 108200K, reserved 1142784K
  class space    used 13629K, capacity 15038K, committed 15436K, reserved 1048576K
}
Event: 9.242 GC heap after
{Heap after GC invocations=32 (full 0):
 garbage-first heap   total 343040K, used 162529K [0x0000000080000000, 0x0000000100000000)
  region size 1024K, 8 young (8192K), 8 survivors (8192K)
 Metaspace       used 103617K, capacity 106948K, committed 108200K, reserved 1142784K
  class space    used 13629K, capacity 15038K, committed 15436K, reserved 1048576K
}
Event: 9.427 GC heap before
{Heap before GC invocations=33 (full 0):
 garbage-first heap   total 343040K, used 247521K [0x0000000080000000, 0x0000000100000000)
  region size 1024K, 92 young (94208K), 8 survivors (8192K)
 Metaspace       used 107212K, capacity 111021K, committed 111144K, reserved 1144832K
  class space    used 14378K, capacity 15996K, committed 16076K, reserved 1048576K
}
Event: 9.441 GC heap after
{Heap after GC invocations=34 (full 0):
 garbage-first heap   total 343040K, used 175217K [0x0000000080000000, 0x0000000100000000)
  region size 1024K, 12 young (12288K), 12 survivors (12288K)
 Metaspace       used 107212K, capacity 111021K, committed 111144K, reserved 1144832K
  class space    used 14378K, capacity 15996K, committed 16076K, reserved 1048576K
}
Event: 9.592 GC heap before
{Heap before GC invocations=34 (full 0):
 garbage-first heap   total 343040K, used 261233K [0x0000000080000000, 0x0000000100000000)
  region size 1024K, 96 young (98304K), 12 survivors (12288K)
 Metaspace       used 108576K, capacity 112548K, committed 112680K, reserved 1146880K
  class space    used 14578K, capacity 16224K, committed 16332K, reserved 1048576K
}
Event: 9.604 GC heap after
{Heap after GC invocations=35 (full 0):
 garbage-first heap   total 343040K, used 180271K [0x0000000080000000, 0x0000000100000000)
  region size 1024K, 6 young (6144K), 6 survivors (6144K)
 Metaspace       used 108576K, capacity 112548K, committed 112680K, reserved 1146880K
  class space    used 14578K, capacity 16224K, committed 16332K, reserved 1048576K
}
Event: 9.809 GC heap before
{Heap before GC invocations=35 (full 0):
 garbage-first heap   total 343040K, used 266287K [0x0000000080000000, 0x0000000100000000)
  region size 1024K, 91 young (93184K), 6 survivors (6144K)
 Metaspace       used 107469K, capacity 110503K, committed 113192K, reserved 1146880K
  class space    used 14076K, capacity 15291K, committed 16332K, reserved 1048576K
}
Event: 9.815 GC heap after
{Heap after GC invocations=36 (full 0):
 garbage-first heap   total 343040K, used 180176K [0x0000000080000000, 0x0000000100000000)
  region size 1024K, 6 young (6144K), 6 survivors (6144K)
 Metaspace       used 107469K, capacity 110503K, committed 113192K, reserved 1146880K
  class space    used 14076K, capacity 15291K, committed 16332K, reserved 1048576K
}
Event: 9.955 GC heap before
{Heap before GC invocations=37 (full 0):
 garbage-first heap   total 343040K, used 275408K [0x0000000080000000, 0x0000000100000000)
  region size 1024K, 100 young (102400K), 6 survivors (6144K)
 Metaspace       used 108462K, capacity 111695K, committed 113832K, reserved 1146880K
  class space    used 14227K, capacity 15514K, committed 16460K, reserved 1048576K
}

