# JRE version: OpenJDK Runtime Environment (11.0.13) (build 11.0.13+0-b1751.21-8125866)
# Java VM: OpenJDK 64-Bit Server VM (11.0.13+0-b1751.21-8125866, mixed mode, tiered, compressed oops, g1 gc, windows-amd64)
Heap:
 garbage-first heap   total 604160K, used 181164K [0x0000000080000000, 0x0000000100000000)
  region size 1024K, 7 young (7168K), 7 survivors (7168K)
 Metaspace       used 107946K, capacity 110755K, committed 112500K, reserved 1146880K
  class space    used 14015K, capacity 15100K, committed 15896K, reserved 1048576K
GC Heap History (20 events):
Event: 10.637 GC heap after
{Heap after GC invocations=30 (full 0):
 garbage-first heap   total 210944K, used 123059K [0x0000000080000000, 0x0000000100000000)
  region size 1024K, 8 young (8192K), 8 survivors (8192K)
 Metaspace       used 100917K, capacity 103777K, committed 103924K, reserved 1138688K
  class space    used 13114K, capacity 14209K, committed 14232K, reserved 1048576K
}
Event: 10.752 GC heap before
{Heap before GC invocations=30 (full 0):
 garbage-first heap   total 210944K, used 168115K [0x0000000080000000, 0x0000000100000000)
  region size 1024K, 53 young (54272K), 8 survivors (8192K)
 Metaspace       used 102194K, capacity 105092K, committed 105204K, reserved 1140736K
  class space    used 13287K, capacity 14440K, committed 14488K, reserved 1048576K
}
Event: 10.764 GC heap after
{Heap after GC invocations=31 (full 0):
 garbage-first heap   total 210944K, used 131929K [0x0000000080000000, 0x0000000100000000)
  region size 1024K, 7 young (7168K), 7 survivors (7168K)
 Metaspace       used 102194K, capacity 105092K, committed 105204K, reserved 1140736K
  class space    used 13287K, capacity 14440K, committed 14488K, reserved 1048576K
}
Event: 10.831 GC heap before
{Heap before GC invocations=32 (full 0):
 garbage-first heap   total 210944K, used 171865K [0x0000000080000000, 0x0000000100000000)
  region size 1024K, 46 young (47104K), 7 survivors (7168K)
 Metaspace       used 102884K, capacity 105996K, committed 106356K, reserved 1140736K
  class space    used 13481K, capacity 14765K, committed 14872K, reserved 1048576K
}
Event: 10.842 GC heap after
{Heap after GC invocations=33 (full 0):
 garbage-first heap   total 253952K, used 139798K [0x0000000080000000, 0x0000000100000000)
  region size 1024K, 6 young (6144K), 6 survivors (6144K)
 Metaspace       used 102884K, capacity 105996K, committed 106356K, reserved 1140736K
  class space    used 13481K, capacity 14765K, committed 14872K, reserved 1048576K
}
Event: 10.915 GC heap before
{Heap before GC invocations=33 (full 0):
 garbage-first heap   total 253952K, used 192022K [0x0000000080000000, 0x0000000100000000)
  region size 1024K, 58 young (59392K), 6 survivors (6144K)
 Metaspace       used 104274K, capacity 107574K, committed 107892K, reserved 1142784K
  class space    used 13713K, capacity 15044K, committed 15128K, reserved 1048576K
}
Event: 10.927 GC heap after
{Heap after GC invocations=34 (full 0):
 garbage-first heap   total 253952K, used 149504K [0x0000000080000000, 0x0000000100000000)
  region size 1024K, 8 young (8192K), 8 survivors (8192K)
 Metaspace       used 104274K, capacity 107574K, committed 107892K, reserved 1142784K
  class space    used 13713K, capacity 15044K, committed 15128K, reserved 1048576K
}
Event: 10.982 GC heap before
{Heap before GC invocations=34 (full 0):
 garbage-first heap   total 253952K, used 199680K [0x0000000080000000, 0x0000000100000000)
  region size 1024K, 57 young (58368K), 8 survivors (8192K)
 Metaspace       used 105040K, capacity 108423K, committed 108532K, reserved 1142784K
  class space    used 13850K, capacity 15230K, committed 15256K, reserved 1048576K
}
Event: 10.993 GC heap after
{Heap after GC invocations=35 (full 0):
 garbage-first heap   total 253952K, used 158400K [0x0000000080000000, 0x0000000100000000)
  region size 1024K, 8 young (8192K), 8 survivors (8192K)
 Metaspace       used 105040K, capacity 108423K, committed 108532K, reserved 1142784K
  class space    used 13850K, capacity 15230K, committed 15256K, reserved 1048576K
}
Event: 11.070 GC heap before
{Heap before GC invocations=35 (full 0):
 garbage-first heap   total 253952K, used 203456K [0x0000000080000000, 0x0000000100000000)
  region size 1024K, 53 young (54272K), 8 survivors (8192K)
 Metaspace       used 105605K, capacity 108546K, committed 110068K, reserved 1144832K
  class space    used 13773K, capacity 14969K, committed 15512K, reserved 1048576K
}
Event: 11.083 GC heap after
{Heap after GC invocations=36 (full 0):
 garbage-first heap   total 253952K, used 166680K [0x0000000080000000, 0x0000000100000000)
  region size 1024K, 7 young (7168K), 7 survivors (7168K)
 Metaspace       used 105605K, capacity 108546K, committed 110068K, reserved 1144832K
  class space    used 13773K, capacity 14969K, committed 15512K, reserved 1048576K
}
Event: 11.166 GC heap before
{Heap before GC invocations=37 (full 0):
 garbage-first heap   total 253952K, used 207640K [0x0000000080000000, 0x0000000100000000)
  region size 1024K, 48 young (49152K), 7 survivors (7168K)
 Metaspace       used 106934K, capacity 109997K, committed 111092K, reserved 1144832K
  class space    used 14045K, capacity 15262K, committed 15768K, reserved 1048576K
}
Event: 11.178 GC heap after
{Heap after GC invocations=38 (full 0):
 garbage-first heap   total 374784K, used 172600K [0x0000000080000000, 0x0000000100000000)
  region size 1024K, 6 young (6144K), 6 survivors (6144K)
 Metaspace       used 106934K, capacity 109997K, committed 111092K, reserved 1144832K
  class space    used 14045K, capacity 15262K, committed 15768K, reserved 1048576K
}
Event: 11.197 GC heap before
{Heap before GC invocations=38 (full 0):
 garbage-first heap   total 374784K, used 184888K [0x0000000080000000, 0x0000000100000000)
  region size 1024K, 18 young (18432K), 6 survivors (6144K)
 Metaspace       used 107110K, capacity 110229K, committed 111348K, reserved 1144832K
  class space    used 14076K, capacity 15320K, committed 15768K, reserved 1048576K
}
Event: 11.203 GC heap after
{Heap after GC invocations=39 (full 0):
 garbage-first heap   total 374784K, used 174935K [0x0000000080000000, 0x0000000100000000)
  region size 1024K, 2 young (2048K), 2 survivors (2048K)
 Metaspace       used 107110K, capacity 110229K, committed 111348K, reserved 1144832K
  class space    used 14076K, capacity 15320K, committed 15768K, reserved 1048576K
}
Event: 11.328 GC heap before
{Heap before GC invocations=39 (full 0):
 garbage-first heap   total 374784K, used 250711K [0x0000000080000000, 0x0000000100000000)
  region size 1024K, 77 young (78848K), 2 survivors (2048K)
 Metaspace       used 107839K, capacity 110973K, committed 111988K, reserved 1144832K
  class space    used 14188K, capacity 15459K, committed 15896K, reserved 1048576K
}
Event: 11.339 GC heap after
{Heap after GC invocations=40 (full 0):
 garbage-first heap   total 374784K, used 179890K [0x0000000080000000, 0x0000000100000000)
  region size 1024K, 7 young (7168K), 7 survivors (7168K)
 Metaspace       used 107839K, capacity 110973K, committed 111988K, reserved 1144832K
  class space    used 14188K, capacity 15459K, committed 15896K, reserved 1048576K
}
Event: 11.521 GC heap before
{Heap before GC invocations=40 (full 0):
 garbage-first heap   total 374784K, used 260786K [0x0000000080000000, 0x0000000100000000)
  region size 1024K, 87 young (89088K), 7 survivors (7168K)
 Metaspace       used 107745K, capacity 110536K, committed 112500K, reserved 1146880K
  class space    used 13999K, capacity 15094K, committed 15896K, reserved 1048576K
}
Event: 11.529 GC heap after
{Heap after GC invocations=41 (full 0):
 garbage-first heap   total 374784K, used 180775K [0x0000000080000000, 0x0000000100000000)
  region size 1024K, 7 young (7168K), 7 survivors (7168K)
 Metaspace       used 107745K, capacity 110536K, committed 112500K, reserved 1146880K
  class space    used 13999K, capacity 15094K, committed 15896K, reserved 1048576K
}
Event: 11.629 GC heap before
{Heap before GC invocations=42 (full 0):
 garbage-first heap   total 374784K, used 266791K [0x0000000080000000, 0x0000000100000000)
  region size 1024K, 92 young (94208K), 7 survivors (7168K)
 Metaspace       used 107946K, capacity 110755K, committed 112500K, reserved 1146880K
  class space    used 14015K, capacity 15100K, committed 15896K, reserved 1048576K
}

