# JRE version: OpenJDK Runtime Environment (11.0.13) (build 11.0.13+0-b1751.21-8125866)
# Java VM: OpenJDK 64-Bit Server VM (11.0.13+0-b1751.21-8125866, mixed mode, tiered, compressed oops, g1 gc, windows-amd64)
Heap:
 garbage-first heap   total 416768K, used 191641K [0x0000000080000000, 0x0000000100000000)
  region size 1024K, 8 young (8192K), 8 survivors (8192K)
 Metaspace       used 132467K, capacity 136781K, committed 137088K, reserved 1169408K
  class space    used 16394K, capacity 17951K, committed 18048K, reserved 1048576K
GC Heap History (20 events):
Event: 31.148 GC heap after
{Heap after GC invocations=54 (full 0):
 garbage-first heap   total 305152K, used 192970K [0x0000000080000000, 0x0000000100000000)
  region size 1024K, 2 young (2048K), 2 survivors (2048K)
 Metaspace       used 118871K, capacity 122356K, committed 122496K, reserved 1155072K
  class space    used 14733K, capacity 15900K, committed 16000K, reserved 1048576K
}
Event: 31.240 GC heap before
{Heap before GC invocations=54 (full 0):
 garbage-first heap   total 305152K, used 205258K [0x0000000080000000, 0x0000000100000000)
  region size 1024K, 15 young (15360K), 2 survivors (2048K)
 Metaspace       used 118900K, capacity 122356K, committed 122496K, reserved 1155072K
  class space    used 14735K, capacity 15900K, committed 16000K, reserved 1048576K
}
Event: 31.244 GC heap after
{Heap after GC invocations=55 (full 0):
 garbage-first heap   total 305152K, used 197066K [0x0000000080000000, 0x0000000100000000)
  region size 1024K, 6 young (6144K), 6 survivors (6144K)
 Metaspace       used 118900K, capacity 122356K, committed 122496K, reserved 1155072K
  class space    used 14735K, capacity 15900K, committed 16000K, reserved 1048576K
}
Event: 31.495 GC heap before
{Heap before GC invocations=56 (full 0):
 garbage-first heap   total 305152K, used 269770K [0x0000000080000000, 0x0000000100000000)
  region size 1024K, 61 young (62464K), 6 survivors (6144K)
 Metaspace       used 122057K, capacity 125631K, committed 125824K, reserved 1159168K
  class space    used 14993K, capacity 16203K, committed 16256K, reserved 1048576K
}
Event: 31.501 GC heap after
{Heap after GC invocations=57 (full 0):
 garbage-first heap   total 305152K, used 199975K [0x0000000080000000, 0x0000000100000000)
  region size 1024K, 8 young (8192K), 8 survivors (8192K)
 Metaspace       used 122057K, capacity 125631K, committed 125824K, reserved 1159168K
  class space    used 14993K, capacity 16203K, committed 16256K, reserved 1048576K
}
Event: 31.513 GC heap before
{Heap before GC invocations=57 (full 0):
 garbage-first heap   total 305152K, used 206119K [0x0000000080000000, 0x0000000100000000)
  region size 1024K, 14 young (14336K), 8 survivors (8192K)
 Metaspace       used 122118K, capacity 125644K, committed 125824K, reserved 1159168K
  class space    used 15000K, capacity 16206K, committed 16256K, reserved 1048576K
}
Event: 31.518 GC heap after
{Heap after GC invocations=58 (full 0):
 garbage-first heap   total 305152K, used 199150K [0x0000000080000000, 0x0000000100000000)
  region size 1024K, 2 young (2048K), 2 survivors (2048K)
 Metaspace       used 122118K, capacity 125644K, committed 125824K, reserved 1159168K
  class space    used 15000K, capacity 16206K, committed 16256K, reserved 1048576K
}
Event: 31.620 GC heap before
{Heap before GC invocations=58 (full 0):
 garbage-first heap   total 305152K, used 252398K [0x0000000080000000, 0x0000000100000000)
  region size 1024K, 55 young (56320K), 2 survivors (2048K)
 Metaspace       used 122714K, capacity 126221K, committed 126464K, reserved 1159168K
  class space    used 15041K, capacity 16270K, committed 16384K, reserved 1048576K
}
Event: 31.624 GC heap after
{Heap after GC invocations=59 (full 0):
 garbage-first heap   total 305152K, used 199772K [0x0000000080000000, 0x0000000100000000)
  region size 1024K, 3 young (3072K), 3 survivors (3072K)
 Metaspace       used 122714K, capacity 126221K, committed 126464K, reserved 1159168K
  class space    used 15041K, capacity 16270K, committed 16384K, reserved 1048576K
}
Event: 31.798 GC heap before
{Heap before GC invocations=60 (full 0):
 garbage-first heap   total 305152K, used 242780K [0x0000000080000000, 0x0000000100000000)
  region size 1024K, 58 young (59392K), 3 survivors (3072K)
 Metaspace       used 123982K, capacity 127529K, committed 127872K, reserved 1161216K
  class space    used 15158K, capacity 16386K, committed 16512K, reserved 1048576K
}
Event: 31.804 GC heap after
{Heap after GC invocations=61 (full 0):
 garbage-first heap   total 305152K, used 194184K [0x0000000080000000, 0x0000000100000000)
  region size 1024K, 8 young (8192K), 8 survivors (8192K)
 Metaspace       used 123982K, capacity 127529K, committed 127872K, reserved 1161216K
  class space    used 15158K, capacity 16386K, committed 16512K, reserved 1048576K
}
Event: 31.816 GC heap before
{Heap before GC invocations=61 (full 0):
 garbage-first heap   total 305152K, used 200328K [0x0000000080000000, 0x0000000100000000)
  region size 1024K, 14 young (14336K), 8 survivors (8192K)
 Metaspace       used 124200K, capacity 127817K, committed 128128K, reserved 1161216K
  class space    used 15174K, capacity 16418K, committed 16512K, reserved 1048576K
}
Event: 31.827 GC heap after
{Heap after GC invocations=62 (full 0):
 garbage-first heap   total 305152K, used 174007K [0x0000000080000000, 0x0000000100000000)
  region size 1024K, 2 young (2048K), 2 survivors (2048K)
 Metaspace       used 124200K, capacity 127817K, committed 128128K, reserved 1161216K
  class space    used 15174K, capacity 16418K, committed 16512K, reserved 1048576K
}
Event: 32.062 GC heap before
{Heap before GC invocations=62 (full 0):
 garbage-first heap   total 305152K, used 248759K [0x0000000080000000, 0x0000000100000000)
  region size 1024K, 76 young (77824K), 2 survivors (2048K)
 Metaspace       used 124950K, capacity 128561K, committed 128640K, reserved 1161216K
  class space    used 15243K, capacity 16503K, committed 16512K, reserved 1048576K
}
Event: 32.070 GC heap after
{Heap after GC invocations=63 (full 0):
 garbage-first heap   total 305152K, used 179948K [0x0000000080000000, 0x0000000100000000)
  region size 1024K, 8 young (8192K), 8 survivors (8192K)
 Metaspace       used 124950K, capacity 128561K, committed 128640K, reserved 1161216K
  class space    used 15243K, capacity 16503K, committed 16512K, reserved 1048576K
}
Event: 32.212 GC heap before
{Heap before GC invocations=64 (full 0):
 garbage-first heap   total 305152K, used 251628K [0x0000000080000000, 0x0000000100000000)
  region size 1024K, 79 young (80896K), 8 survivors (8192K)
 Metaspace       used 126346K, capacity 130064K, committed 130176K, reserved 1163264K
  class space    used 15460K, capacity 16750K, committed 16768K, reserved 1048576K
}
Event: 32.225 GC heap after
{Heap after GC invocations=65 (full 0):
 garbage-first heap   total 305152K, used 195544K [0x0000000080000000, 0x0000000100000000)
  region size 1024K, 10 young (10240K), 10 survivors (10240K)
 Metaspace       used 126346K, capacity 130064K, committed 130176K, reserved 1163264K
  class space    used 15460K, capacity 16750K, committed 16768K, reserved 1048576K
}
Event: 32.233 GC heap before
{Heap before GC invocations=65 (full 0):
 garbage-first heap   total 305152K, used 198616K [0x0000000080000000, 0x0000000100000000)
  region size 1024K, 14 young (14336K), 10 survivors (10240K)
 Metaspace       used 126490K, capacity 130192K, committed 130432K, reserved 1163264K
  class space    used 15473K, capacity 16750K, committed 16768K, reserved 1048576K
}
Event: 32.238 GC heap after
{Heap after GC invocations=66 (full 0):
 garbage-first heap   total 305152K, used 183850K [0x0000000080000000, 0x0000000100000000)
  region size 1024K, 2 young (2048K), 2 survivors (2048K)
 Metaspace       used 126490K, capacity 130192K, committed 130432K, reserved 1163264K
  class space    used 15473K, capacity 16750K, committed 16768K, reserved 1048576K
}
Event: 32.548 GC heap before
{Heap before GC invocations=66 (full 0):
 garbage-first heap   total 305152K, used 246314K [0x0000000080000000, 0x0000000100000000)
  region size 1024K, 64 young (65536K), 2 survivors (2048K)
 Metaspace       used 132467K, capacity 136781K, committed 137088K, reserved 1169408K
  class space    used 16394K, capacity 17951K, committed 18048K, reserved 1048576K
}

