# JRE version: OpenJDK Runtime Environment (11.0.13) (build 11.0.13+0-b1751.21-8125866)
# Java VM: OpenJDK 64-Bit Server VM (11.0.13+0-b1751.21-8125866, mixed mode, tiered, compressed oops, g1 gc, windows-amd64)
Heap:
 garbage-first heap   total 403456K, used 203776K [0x0000000080000000, 0x0000000100000000)
  region size 1024K, 8 young (8192K), 8 survivors (8192K)
 Metaspace       used 141598K, capacity 146167K, committed 146432K, reserved 1177600K
  class space    used 17546K, capacity 19188K, committed 19200K, reserved 1048576K
GC Heap History (20 events):
Event: 120.864 GC heap after
{Heap after GC invocations=59 (full 0):
 garbage-first heap   total 305152K, used 209853K [0x0000000080000000, 0x0000000100000000)
  region size 1024K, 7 young (7168K), 7 survivors (7168K)
 Metaspace       used 129528K, capacity 133256K, committed 133504K, reserved 1165312K
  class space    used 15959K, capacity 17236K, committed 17280K, reserved 1048576K
}
Event: 120.883 GC heap before
{Heap before GC invocations=59 (full 0):
 garbage-first heap   total 305152K, used 217021K [0x0000000080000000, 0x0000000100000000)
  region size 1024K, 14 young (14336K), 7 survivors (7168K)
 Metaspace       used 129823K, capacity 133544K, committed 133760K, reserved 1165312K
  class space    used 15985K, capacity 17268K, committed 17280K, reserved 1048576K
}
Event: 120.888 GC heap after
{Heap after GC invocations=60 (full 0):
 garbage-first heap   total 305152K, used 208245K [0x0000000080000000, 0x0000000100000000)
  region size 1024K, 2 young (2048K), 2 survivors (2048K)
 Metaspace       used 129823K, capacity 133544K, committed 133760K, reserved 1165312K
  class space    used 15985K, capacity 17268K, committed 17280K, reserved 1048576K
}
Event: 120.974 GC heap before
{Heap before GC invocations=60 (full 0):
 garbage-first heap   total 305152K, used 252277K [0x0000000080000000, 0x0000000100000000)
  region size 1024K, 46 young (47104K), 2 survivors (2048K)
 Metaspace       used 130017K, capacity 133737K, committed 134016K, reserved 1165312K
  class space    used 15989K, capacity 17268K, committed 17280K, reserved 1048576K
}
Event: 120.978 GC heap after
{Heap after GC invocations=61 (full 0):
 garbage-first heap   total 305152K, used 208777K [0x0000000080000000, 0x0000000100000000)
  region size 1024K, 3 young (3072K), 3 survivors (3072K)
 Metaspace       used 130017K, capacity 133737K, committed 134016K, reserved 1165312K
  class space    used 15989K, capacity 17268K, committed 17280K, reserved 1048576K
}
Event: 121.174 GC heap before
{Heap before GC invocations=62 (full 0):
 garbage-first heap   total 305152K, used 232329K [0x0000000080000000, 0x0000000100000000)
  region size 1024K, 49 young (50176K), 3 survivors (3072K)
 Metaspace       used 130828K, capacity 134528K, committed 134656K, reserved 1167360K
  class space    used 16053K, capacity 17337K, committed 17408K, reserved 1048576K
}
Event: 121.179 GC heap after
{Heap after GC invocations=63 (full 0):
 garbage-first heap   total 305152K, used 189026K [0x0000000080000000, 0x0000000100000000)
  region size 1024K, 5 young (5120K), 5 survivors (5120K)
 Metaspace       used 130828K, capacity 134528K, committed 134656K, reserved 1167360K
  class space    used 16053K, capacity 17337K, committed 17408K, reserved 1048576K
}
Event: 121.199 GC heap before
{Heap before GC invocations=63 (full 0):
 garbage-first heap   total 305152K, used 198242K [0x0000000080000000, 0x0000000100000000)
  region size 1024K, 14 young (14336K), 5 survivors (5120K)
 Metaspace       used 131024K, capacity 134675K, committed 134912K, reserved 1167360K
  class space    used 16068K, capacity 17341K, committed 17408K, reserved 1048576K
}
Event: 121.208 GC heap after
{Heap after GC invocations=64 (full 0):
 garbage-first heap   total 305152K, used 177189K [0x0000000080000000, 0x0000000100000000)
  region size 1024K, 2 young (2048K), 2 survivors (2048K)
 Metaspace       used 131024K, capacity 134675K, committed 134912K, reserved 1167360K
  class space    used 16068K, capacity 17341K, committed 17408K, reserved 1048576K
}
Event: 121.420 GC heap before
{Heap before GC invocations=64 (full 0):
 garbage-first heap   total 305152K, used 241701K [0x0000000080000000, 0x0000000100000000)
  region size 1024K, 66 young (67584K), 2 survivors (2048K)
 Metaspace       used 132456K, capacity 136272K, committed 136320K, reserved 1167360K
  class space    used 16210K, capacity 17509K, committed 17536K, reserved 1048576K
}
Event: 121.425 GC heap after
{Heap after GC invocations=65 (full 0):
 garbage-first heap   total 305152K, used 177611K [0x0000000080000000, 0x0000000100000000)
  region size 1024K, 3 young (3072K), 3 survivors (3072K)
 Metaspace       used 132456K, capacity 136272K, committed 136320K, reserved 1167360K
  class space    used 16210K, capacity 17509K, committed 17536K, reserved 1048576K
}
Event: 121.817 GC heap before
{Heap before GC invocations=66 (full 0):
 garbage-first heap   total 305152K, used 245195K [0x0000000080000000, 0x0000000100000000)
  region size 1024K, 70 young (71680K), 3 survivors (3072K)
 Metaspace       used 134149K, capacity 137895K, committed 137984K, reserved 1169408K
  class space    used 16378K, capacity 17656K, committed 17664K, reserved 1048576K
}
Event: 121.825 GC heap after
{Heap after GC invocations=67 (full 0):
 garbage-first heap   total 305152K, used 184176K [0x0000000080000000, 0x0000000100000000)
  region size 1024K, 9 young (9216K), 9 survivors (9216K)
 Metaspace       used 134149K, capacity 137895K, committed 137984K, reserved 1169408K
  class space    used 16378K, capacity 17656K, committed 17664K, reserved 1048576K
}
Event: 121.835 GC heap before
{Heap before GC invocations=67 (full 0):
 garbage-first heap   total 305152K, used 188272K [0x0000000080000000, 0x0000000100000000)
  region size 1024K, 14 young (14336K), 9 survivors (9216K)
 Metaspace       used 134159K, capacity 137895K, committed 137984K, reserved 1169408K
  class space    used 16378K, capacity 17656K, committed 17664K, reserved 1048576K
}
Event: 121.846 GC heap after
{Heap after GC invocations=68 (full 0):
 garbage-first heap   total 305152K, used 178774K [0x0000000080000000, 0x0000000100000000)
  region size 1024K, 2 young (2048K), 2 survivors (2048K)
 Metaspace       used 134159K, capacity 137895K, committed 137984K, reserved 1169408K
  class space    used 16378K, capacity 17656K, committed 17664K, reserved 1048576K
}
Event: 122.029 GC heap before
{Heap before GC invocations=68 (full 0):
 garbage-first heap   total 305152K, used 246358K [0x0000000080000000, 0x0000000100000000)
  region size 1024K, 69 young (70656K), 2 survivors (2048K)
 Metaspace       used 135119K, capacity 138984K, committed 139264K, reserved 1171456K
  class space    used 16523K, capacity 17863K, committed 17920K, reserved 1048576K
}
Event: 122.035 GC heap after
{Heap after GC invocations=69 (full 0):
 garbage-first heap   total 305152K, used 184733K [0x0000000080000000, 0x0000000100000000)
  region size 1024K, 8 young (8192K), 8 survivors (8192K)
 Metaspace       used 135119K, capacity 138984K, committed 139264K, reserved 1171456K
  class space    used 16523K, capacity 17863K, committed 17920K, reserved 1048576K
}
Event: 122.231 GC heap before
{Heap before GC invocations=69 (full 0):
 garbage-first heap   total 305152K, used 248221K [0x0000000080000000, 0x0000000100000000)
  region size 1024K, 71 young (72704K), 8 survivors (8192K)
 Metaspace       used 137590K, capacity 141791K, committed 141824K, reserved 1173504K
  class space    used 16941K, capacity 18404K, committed 18432K, reserved 1048576K
}
Event: 122.240 GC heap after
{Heap after GC invocations=70 (full 0):
 garbage-first heap   total 305152K, used 197062K [0x0000000080000000, 0x0000000100000000)
  region size 1024K, 9 young (9216K), 9 survivors (9216K)
 Metaspace       used 137590K, capacity 141791K, committed 141824K, reserved 1173504K
  class space    used 16941K, capacity 18404K, committed 18432K, reserved 1048576K
}
Event: 122.437 GC heap before
{Heap before GC invocations=70 (full 0):
 garbage-first heap   total 305152K, used 250310K [0x0000000080000000, 0x0000000100000000)
  region size 1024K, 62 young (63488K), 9 survivors (9216K)
 Metaspace       used 141598K, capacity 146167K, committed 146432K, reserved 1177600K
  class space    used 17546K, capacity 19188K, committed 19200K, reserved 1048576K
}

