# JRE version: OpenJDK Runtime Environment (11.0.13) (build 11.0.13+0-b1751.21-8125866)
# Java VM: OpenJDK 64-Bit Server VM (11.0.13+0-b1751.21-8125866, mixed mode, tiered, compressed oops, g1 gc, windows-amd64)
Heap:
 garbage-first heap   total 305152K, used 220049K [0x0000000080000000, 0x0000000100000000)
  region size 1024K, 42 young (43008K), 2 survivors (2048K)
 Metaspace       used 135542K, capacity 139381K, committed 139520K, reserved 1171456K
  class space    used 16592K, capacity 17914K, committed 17920K, reserved 1048576K
GC Heap History (20 events):
Event: 112.034 GC heap before
{Heap before GC invocations=61 (full 0):
 garbage-first heap   total 305152K, used 263664K [0x0000000080000000, 0x0000000100000000)
  region size 1024K, 57 young (58368K), 9 survivors (9216K)
 Metaspace       used 128480K, capacity 132081K, committed 132352K, reserved 1165312K
  class space    used 15845K, capacity 17072K, committed 17152K, reserved 1048576K
}
Event: 112.046 GC heap after
{Heap after GC invocations=62 (full 0):
 garbage-first heap   total 305152K, used 206720K [0x0000000080000000, 0x0000000100000000)
  region size 1024K, 8 young (8192K), 8 survivors (8192K)
 Metaspace       used 128480K, capacity 132081K, committed 132352K, reserved 1165312K
  class space    used 15845K, capacity 17072K, committed 17152K, reserved 1048576K
}
Event: 112.148 GC heap before
{Heap before GC invocations=62 (full 0):
 garbage-first heap   total 305152K, used 250752K [0x0000000080000000, 0x0000000100000000)
  region size 1024K, 52 young (53248K), 8 survivors (8192K)
 Metaspace       used 129278K, capacity 132920K, committed 133248K, reserved 1165312K
  class space    used 15927K, capacity 17155K, committed 17280K, reserved 1048576K
}
Event: 112.156 GC heap after
{Heap after GC invocations=63 (full 0):
 garbage-first heap   total 305152K, used 208466K [0x0000000080000000, 0x0000000100000000)
  region size 1024K, 3 young (3072K), 3 survivors (3072K)
 Metaspace       used 129278K, capacity 132920K, committed 133248K, reserved 1165312K
  class space    used 15927K, capacity 17155K, committed 17280K, reserved 1048576K
}
Event: 112.307 GC heap before
{Heap before GC invocations=64 (full 0):
 garbage-first heap   total 305152K, used 236114K [0x0000000080000000, 0x0000000100000000)
  region size 1024K, 48 young (49152K), 3 survivors (3072K)
 Metaspace       used 130068K, capacity 133744K, committed 134016K, reserved 1165312K
  class space    used 15990K, capacity 17255K, committed 17280K, reserved 1048576K
}
Event: 112.312 GC heap after
{Heap after GC invocations=65 (full 0):
 garbage-first heap   total 305152K, used 192512K [0x0000000080000000, 0x0000000100000000)
  region size 1024K, 4 young (4096K), 4 survivors (4096K)
 Metaspace       used 130068K, capacity 133744K, committed 134016K, reserved 1165312K
  class space    used 15990K, capacity 17255K, committed 17280K, reserved 1048576K
}
Event: 112.342 GC heap before
{Heap before GC invocations=65 (full 0):
 garbage-first heap   total 305152K, used 202752K [0x0000000080000000, 0x0000000100000000)
  region size 1024K, 14 young (14336K), 4 survivors (4096K)
 Metaspace       used 130129K, capacity 133751K, committed 134016K, reserved 1165312K
  class space    used 15993K, capacity 17257K, committed 17280K, reserved 1048576K
}
Event: 112.347 GC heap after
{Heap after GC invocations=66 (full 0):
 garbage-first heap   total 305152K, used 174216K [0x0000000080000000, 0x0000000100000000)
  region size 1024K, 2 young (2048K), 2 survivors (2048K)
 Metaspace       used 130129K, capacity 133751K, committed 134016K, reserved 1165312K
  class space    used 15993K, capacity 17257K, committed 17280K, reserved 1048576K
}
Event: 112.547 GC heap before
{Heap before GC invocations=66 (full 0):
 garbage-first heap   total 305152K, used 236680K [0x0000000080000000, 0x0000000100000000)
  region size 1024K, 64 young (65536K), 2 survivors (2048K)
 Metaspace       used 131644K, capacity 135271K, committed 135424K, reserved 1167360K
  class space    used 16134K, capacity 17401K, committed 17408K, reserved 1048576K
}
Event: 112.552 GC heap after
{Heap after GC invocations=67 (full 0):
 garbage-first heap   total 305152K, used 176829K [0x0000000080000000, 0x0000000100000000)
  region size 1024K, 4 young (4096K), 4 survivors (4096K)
 Metaspace       used 131644K, capacity 135271K, committed 135424K, reserved 1167360K
  class space    used 16134K, capacity 17401K, committed 17408K, reserved 1048576K
}
Event: 112.778 GC heap before
{Heap before GC invocations=68 (full 0):
 garbage-first heap   total 305152K, used 241341K [0x0000000080000000, 0x0000000100000000)
  region size 1024K, 68 young (69632K), 4 survivors (4096K)
 Metaspace       used 132027K, capacity 135722K, committed 136064K, reserved 1167360K
  class space    used 16159K, capacity 17411K, committed 17536K, reserved 1048576K
}
Event: 112.787 GC heap after
{Heap after GC invocations=69 (full 0):
 garbage-first heap   total 305152K, used 181236K [0x0000000080000000, 0x0000000100000000)
  region size 1024K, 9 young (9216K), 9 survivors (9216K)
 Metaspace       used 132027K, capacity 135722K, committed 136064K, reserved 1167360K
  class space    used 16159K, capacity 17411K, committed 17536K, reserved 1048576K
}
Event: 112.902 GC heap before
{Heap before GC invocations=69 (full 0):
 garbage-first heap   total 305152K, used 185332K [0x0000000080000000, 0x0000000100000000)
  region size 1024K, 14 young (14336K), 9 survivors (9216K)
 Metaspace       used 132201K, capacity 135915K, committed 136064K, reserved 1167360K
  class space    used 16177K, capacity 17427K, committed 17536K, reserved 1048576K
}
Event: 112.910 GC heap after
{Heap after GC invocations=70 (full 0):
 garbage-first heap   total 305152K, used 175592K [0x0000000080000000, 0x0000000100000000)
  region size 1024K, 2 young (2048K), 2 survivors (2048K)
 Metaspace       used 132201K, capacity 135915K, committed 136064K, reserved 1167360K
  class space    used 16177K, capacity 17427K, committed 17536K, reserved 1048576K
}
Event: 113.991 GC heap before
{Heap before GC invocations=70 (full 0):
 garbage-first heap   total 305152K, used 242152K [0x0000000080000000, 0x0000000100000000)
  region size 1024K, 68 young (69632K), 2 survivors (2048K)
 Metaspace       used 133023K, capacity 136731K, committed 136832K, reserved 1169408K
  class space    used 16223K, capacity 17478K, committed 17536K, reserved 1048576K
}
Event: 113.996 GC heap after
{Heap after GC invocations=71 (full 0):
 garbage-first heap   total 305152K, used 177190K [0x0000000080000000, 0x0000000100000000)
  region size 1024K, 3 young (3072K), 3 survivors (3072K)
 Metaspace       used 133023K, capacity 136731K, committed 136832K, reserved 1169408K
  class space    used 16223K, capacity 17478K, committed 17536K, reserved 1048576K
}
Event: 114.556 GC heap before
{Heap before GC invocations=72 (full 0):
 garbage-first heap   total 305152K, used 244774K [0x0000000080000000, 0x0000000100000000)
  region size 1024K, 71 young (72704K), 3 survivors (3072K)
 Metaspace       used 134206K, capacity 138025K, committed 138368K, reserved 1169408K
  class space    used 16392K, capacity 17690K, committed 17792K, reserved 1048576K
}
Event: 114.562 GC heap after
{Heap after GC invocations=73 (full 0):
 garbage-first heap   total 305152K, used 185527K [0x0000000080000000, 0x0000000100000000)
  region size 1024K, 9 young (9216K), 9 survivors (9216K)
 Metaspace       used 134206K, capacity 138025K, committed 138368K, reserved 1169408K
  class space    used 16392K, capacity 17690K, committed 17792K, reserved 1048576K
}
Event: 114.566 GC heap before
{Heap before GC invocations=73 (full 0):
 garbage-first heap   total 305152K, used 189623K [0x0000000080000000, 0x0000000100000000)
  region size 1024K, 14 young (14336K), 9 survivors (9216K)
 Metaspace       used 134239K, capacity 138025K, committed 138368K, reserved 1169408K
  class space    used 16396K, capacity 17690K, committed 17792K, reserved 1048576K
}
Event: 114.571 GC heap after
{Heap after GC invocations=74 (full 0):
 garbage-first heap   total 305152K, used 181137K [0x0000000080000000, 0x0000000100000000)
  region size 1024K, 2 young (2048K), 2 survivors (2048K)
 Metaspace       used 134239K, capacity 138025K, committed 138368K, reserved 1169408K
  class space    used 16396K, capacity 17690K, committed 17792K, reserved 1048576K
}

